<?xml version="1.0" encoding="UTF-8" ?>
<testsuite errors="0" failures="0" hostname="Mariia" name="Test" skipped="0" tests="13" time="0.087" timestamp="2024-04-23T19:04:08">
  <properties>
    <property name="ant.file.type.web3" value="file" />
    <property name="ant.library.dir" value="C:\Program Files\Apache Ant\lib" />
    <property name="ant.file.type" value="file" />
    <property name="java.specification.version" value="19" />
    <property name="lib" value="lib" />
    <property name="scp.port" value="2222" />
    <property name="main.source" value="src/main/java/" />
    <property name="ant.project.name" value="web3" />
    <property name="sun.cpu.isalist" value="amd64" />
    <property name="sun.jnu.encoding" value="Cp1251" />
    <property name="junit.report.dir" value="reports" />
    <property name="java.class.path" value="D:\web3\lib\junit-4.13.2.jar;D:\web3\lib\hamcrest-core-1.3.jar;D:\web3\ant\build\WEB-INF\classes;D:\web3\ant\build\test\Test.java;C:\Program Files\Apache Ant\lib\ant-launcher.jar;C:\Program Files\Apache Ant\lib\ant.jar;C:\Program Files\Apache Ant\lib\ant-junit.jar;C:\Program Files\Apache Ant\lib\ant-junit4.jar" />
    <property name="java.vm.vendor" value="Oracle Corporation" />
    <property name="sun.arch.data.model" value="64" />
    <property name="user.variant" value="" />
    <property name="java.vendor.url" value="https://java.oracle.com/" />
    <property name="resources.dir" value="src/main/resources" />
    <property name="os.name" value="Windows 11" />
    <property name="java.vm.specification.version" value="19" />
    <property name="target.tests" value="target/tests" />
    <property name="env.script" value="~/wildfly-27.0.0.Beta1/bin/standalone.sh" />
    <property name="sun.java.launcher" value="SUN_STANDARD" />
    <property name="user.country" value="RU" />
    <property name="sun.boot.library.path" value="C:\Program Files\Java\jdk-19\bin" />
    <property name="test.result.dir" value="testResults" />
    <property name="scp" value="" />
    <property name="sun.java.command" value="org.apache.tools.ant.taskdefs.optional.junit.JUnitTestRunner Test skipNonTests=false filtertrace=true haltOnError=true haltOnFailure=true formatter=org.apache.tools.ant.taskdefs.optional.junit.SummaryJUnitResultFormatter showoutput=false outputtoformatters=true logfailedtests=true threadid=0 logtestlistenerevents=false formatter=org.apache.tools.ant.taskdefs.optional.junit.XMLJUnitResultFormatter,D:\web3\reports\TEST-Test.xml crashfile=D:\web3\junitvmwatcher10805712010473664779.properties propsfile=D:\web3\junit7237049688264804693.properties" />
    <property name="test.classes.dir" value="ant/build/test/Test.java" />
    <property name="scp.dir" value="~/wildfly-20.0.1.Final/standalone/deployments/" />
    <property name="jdk.debug" value="release" />
    <property name="test.dir" value="src/test/java" />
    <property name="sun.cpu.endian" value="little" />
    <property name="user.home" value="C:\Users\tolst" />
    <property name="compile.version" value="17" />
    <property name="user.language" value="ru" />
    <property name="java.specification.vendor" value="Oracle Corporation" />
    <property name="web.dir" value="src/main/webapp" />
    <property name="java.version.date" value="2022-09-20" />
    <property name="java.home" value="C:\Program Files\Java\jdk-19" />
    <property name="basedir" value="D:\web3" />
    <property name="file.separator" value="\" />
    <property name="java.vm.compressedOopsMode" value="32-bit" />
    <property name="line.separator" value="&#xd;&#xa;" />
    <property name="ant.java.version" value="19" />
    <property name="java.specification.name" value="Java Platform API Specification" />
    <property name="java.vm.specification.vendor" value="Oracle Corporation" />
    <property name="doc.dir" value="ant/doc" />
    <property name="main.dir" value="src/main/java" />
    <property name="lib.test" value="lib/test" />
    <property name="scp.host" value="se.ifmo.ru" />
    <property name="user.script" value="" />
    <property name="sun.management.compiler" value="HotSpot 64-Bit Tiered Compilers" />
    <property name="java.runtime.version" value="19+36-2238" />
    <property name="java.security.manager" value="allow" />
    <property name="user.name" value="tolst" />
    <property name="ant.file" value="D:\web3\build.xml" />
    <property name="stdout.encoding" value="Cp1251" />
    <property name="path.separator" value=";" />
    <property name="os.version" value="10.0" />
    <property name="java.runtime.name" value="Java(TM) SE Runtime Environment" />
    <property name="project.dir" value="." />
    <property name="file.encoding" value="UTF-8" />
    <property name="ant.project.invoked-targets" value="test" />
    <property name="scp.user" value="s334346" />
    <property name="java.vm.name" value="Java HotSpot(TM) 64-Bit Server VM" />
    <property name="target.classes" value="target/classes" />
    <property name="build.dir" value="ant/build" />
    <property name="ant.core.lib" value="C:\Program Files\Apache Ant\lib\ant.jar" />
    <property name="vm.args" value="&quot;-Xmx1024M&quot;" />
    <property name="java.vendor.url.bug" value="https://bugreport.java.com/bugreport/" />
    <property name="java.io.tmpdir" value="C:\Users\tolst\AppData\Local\Temp\" />
    <property name="junit" value="lib/junit-4.13.2.jar" />
    <property name="build.webxml" value="ant/build/WEB-INF/web.xml" />
    <property name="java.version" value="19" />
    <property name="user.dir" value="D:\web3" />
    <property name="os.arch" value="amd64" />
    <property name="build.dir.lib" value="ant/build/WEB-INF/lib" />
    <property name="java.vm.specification.name" value="Java Virtual Machine Specification" />
    <property name="ant.home" value="C:\Program Files\Apache Ant\bin\.." />
    <property name="lib.dir" value="lib" />
    <property name="ant.file.web3" value="D:\web3\build.xml" />
    <property name="sun.os.patch.level" value="" />
    <property name="target" value="target" />
    <property name="native.encoding" value="Cp1251" />
    <property name="ant.version" value="Apache Ant(TM) version 1.10.14 compiled on August 16 2023" />
    <property name="java.library.path" value="C:\Program Files\Java\jdk-19\bin;C:\WINDOWS\Sun\Java\bin;C:\WINDOWS\system32;C:\WINDOWS;C:\Program Files\Common Files\Oracle\Java\javapath;C:\Windows\System32\HWAudioDriverLibs;C:\Windows\system32;C:\Windows;C:\Windows\System32\Wbem;C:\Windows\System32\WindowsPowerShell\v1.0\;C:\Windows\System32\OpenSSH\;C:\Users\Administrator\AppData\Local\Microsoft\WindowsApps;C:\Program Files\Git\cmd;C:\WINDOWS\system32;C:\WINDOWS;C:\WINDOWS\System32\Wbem;C:\WINDOWS\System32\WindowsPowerShell\v1.0\;C:\WINDOWS\System32\OpenSSH\;C:\xampp\php;C:\Program Files\nodejs\;C:\Program Files\Docker\Docker\resources\bin;C:\Program Files\Apache Ant\bin;C:\Program Files\MySQL\MySQL Shell 8.0\bin\;C:\Users\tolst\AppData\Local\Microsoft\WindowsApps;C:\Users\tolst\AppData\Local\Programs\Microsoft VS Code\bin;D:\PhpStorm 2023.2.1\bin;;C:\xampp\php;C:\Users\tolst\AppData\Roaming\npm;." />
    <property name="java.vendor" value="Oracle Corporation" />
    <property name="stderr.encoding" value="Cp1251" />
    <property name="java.vm.info" value="mixed mode, sharing" />
    <property name="java.vm.version" value="19+36-2238" />
    <property name="classes.dir" value="ant/build/WEB-INF/classes" />
    <property name="sun.io.unicode.encoding" value="UnicodeLittle" />
    <property name="hamcrest" value="lib/hamcrest-core-1.3.jar" />
    <property name="java.class.version" value="63.0" />
    <property name="src.dir" value="src/main" />
    <property name="ant.project.default-target" value="build" />
  </properties>
  <testcase classname="Test" name="hitCircleFarBorder" time="0.002" />
  <testcase classname="Test" name="hitRectangle" time="0.0" />
  <testcase classname="Test" name="missCircle" time="0.001" />
  <testcase classname="Test" name="hitTriangleLowBorder" time="0.0" />
  <testcase classname="Test" name="hitCircleLowBorder" time="0.0" />
  <testcase classname="Test" name="hitTriangleTopBorder" time="0.001" />
  <testcase classname="Test" name="missTriangle" time="0.0" />
  <testcase classname="Test" name="missRectangle" time="0.001" />
  <testcase classname="Test" name="rSwitch" time="0.0" />
  <testcase classname="Test" name="missCircleFarBorder" time="0.0" />
  <testcase classname="Test" name="hitTriangle" time="0.0" />
  <testcase classname="Test" name="hitCircle" time="0.0" />
  <testcase classname="Test" name="missCircleLowBorder" time="0.0" />
  <system-out><![CDATA[]]></system-out>
  <system-err><![CDATA[]]></system-err>
</testsuite>
